  stdafx.cpp
  Generate 1.cpp
Generate 1.cpp(263): warning C4018: '<': signed/unsigned mismatch
Generate 1.cpp(272): warning C4018: '<': signed/unsigned mismatch
Generate 1.cpp(286): warning C4018: '<': signed/unsigned mismatch
Generate 1.cpp(297): warning C4018: '<': signed/unsigned mismatch
Generate 1.cpp(308): warning C4018: '<': signed/unsigned mismatch
Generate 1.cpp(312): warning C4018: '<': signed/unsigned mismatch
Generate 1.cpp(328): warning C4018: '<': signed/unsigned mismatch
Generate 1.cpp(342): warning C4018: '<': signed/unsigned mismatch
Generate 1.cpp(349): warning C4018: '<': signed/unsigned mismatch
Generate 1.cpp(359): warning C4018: '<': signed/unsigned mismatch
Generate 1.cpp(375): warning C4018: '<': signed/unsigned mismatch
Generate 1.cpp(391): warning C4018: '<': signed/unsigned mismatch
Generate 1.cpp(413): warning C4018: '<': signed/unsigned mismatch
Generate 1.cpp(418): warning C4018: '<': signed/unsigned mismatch
Generate 1.cpp(420): warning C4018: '<': signed/unsigned mismatch
Generate 1.cpp(438): warning C4018: '<': signed/unsigned mismatch
Generate 1.cpp(444): warning C4018: '<': signed/unsigned mismatch
Generate 1.cpp(452): warning C4018: '<': signed/unsigned mismatch
Generate 1.cpp(468): warning C4018: '<': signed/unsigned mismatch
Generate 1.cpp(485): warning C4018: '<': signed/unsigned mismatch
Generate 1.cpp(510): warning C4018: '<': signed/unsigned mismatch
Generate 1.cpp(517): warning C4018: '<': signed/unsigned mismatch
Generate 1.cpp(519): warning C4018: '<': signed/unsigned mismatch
Generate 1.cpp(532): warning C4018: '<': signed/unsigned mismatch
Generate 1.cpp(549): warning C4018: '<': signed/unsigned mismatch
Generate 1.cpp(554): warning C4018: '<': signed/unsigned mismatch
Generate 1.cpp(677): warning C4018: '<': signed/unsigned mismatch
Generate 1.cpp(689): warning C4018: '<': signed/unsigned mismatch
Generate 1.cpp(712): warning C4018: '<': signed/unsigned mismatch
Generate 1.cpp(722): warning C4018: '<': signed/unsigned mismatch
Generate 1.cpp(744): warning C4018: '<': signed/unsigned mismatch
Generate 1.cpp(756): warning C4018: '<': signed/unsigned mismatch
Generate 1.cpp(759): warning C4018: '<': signed/unsigned mismatch
Generate 1.cpp(767): warning C4018: '<': signed/unsigned mismatch
Generate 1.cpp(773): warning C4018: '<': signed/unsigned mismatch
Generate 1.cpp(775): warning C4018: '<': signed/unsigned mismatch
Generate 1.cpp(781): warning C4018: '<': signed/unsigned mismatch
Generate 1.cpp(782): warning C4018: '<': signed/unsigned mismatch
Generate 1.cpp(794): warning C4018: '<': signed/unsigned mismatch
Generate 1.cpp(801): warning C4018: '<': signed/unsigned mismatch
Generate 1.cpp(810): warning C4018: '<': signed/unsigned mismatch
Generate 1.cpp(837): warning C4018: '<': signed/unsigned mismatch
Generate 1.cpp(839): warning C4018: '<': signed/unsigned mismatch
Generate 1.cpp(869): warning C4018: '<': signed/unsigned mismatch
Generate 1.cpp(871): warning C4018: '<': signed/unsigned mismatch
Generate 1.cpp(964): warning C4018: '<': signed/unsigned mismatch
Generate 1.cpp(975): warning C4018: '<': signed/unsigned mismatch
Generate 1.cpp(997): warning C4018: '<': signed/unsigned mismatch
Generate 1.cpp(996): warning C4101: 'check': unreferenced local variable
Generate 1.cpp(1038): warning C4018: '<': signed/unsigned mismatch
Generate 1.cpp(1042): warning C4018: '<': signed/unsigned mismatch
Generate 1.cpp(1058): warning C4018: '<': signed/unsigned mismatch
Generate 1.cpp(1060): warning C4018: '<': signed/unsigned mismatch
Generate 1.cpp(1121): warning C4018: '<': signed/unsigned mismatch
Generate 1.cpp(1128): warning C4018: '<': signed/unsigned mismatch
Generate 1.cpp(1130): warning C4018: '<': signed/unsigned mismatch
Generate 1.cpp(1211): warning C4018: '<': signed/unsigned mismatch
Generate 1.cpp(1234): warning C4018: '<': signed/unsigned mismatch
  Generating code
  All 596 functions were compiled because no usable IPDB/IOBJ from previous compilation was found.
  Finished generating code
  Generate 1.vcxproj -> D:\Andrew\Practice\!!!_4 Triplet Square set\1 Generate Clusters\Generate 1\Release\Generate 1.exe
