  1.1 Generate Route Operators.cpp
1.1 Generate Route Operators.cpp(190): warning C4018: '<': signed/unsigned mismatch
1.1 Generate Route Operators.cpp(199): warning C4018: '<': signed/unsigned mismatch
1.1 Generate Route Operators.cpp(213): warning C4018: '<': signed/unsigned mismatch
1.1 Generate Route Operators.cpp(224): warning C4018: '<': signed/unsigned mismatch
1.1 Generate Route Operators.cpp(237): warning C4018: '<': signed/unsigned mismatch
1.1 Generate Route Operators.cpp(244): warning C4018: '<': signed/unsigned mismatch
1.1 Generate Route Operators.cpp(246): warning C4018: '<': signed/unsigned mismatch
1.1 Generate Route Operators.cpp(259): warning C4018: '<': signed/unsigned mismatch
1.1 Generate Route Operators.cpp(434): warning C4018: '<': signed/unsigned mismatch
1.1 Generate Route Operators.cpp(457): warning C4018: '<': signed/unsigned mismatch
1.1 Generate Route Operators.cpp(478): warning C4018: '<': signed/unsigned mismatch
1.1 Generate Route Operators.cpp(490): warning C4018: '<': signed/unsigned mismatch
1.1 Generate Route Operators.cpp(493): warning C4018: '<': signed/unsigned mismatch
1.1 Generate Route Operators.cpp(501): warning C4018: '<': signed/unsigned mismatch
1.1 Generate Route Operators.cpp(507): warning C4018: '<': signed/unsigned mismatch
1.1 Generate Route Operators.cpp(509): warning C4018: '<': signed/unsigned mismatch
1.1 Generate Route Operators.cpp(515): warning C4018: '<': signed/unsigned mismatch
1.1 Generate Route Operators.cpp(516): warning C4018: '<': signed/unsigned mismatch
1.1 Generate Route Operators.cpp(531): warning C4018: '<': signed/unsigned mismatch
1.1 Generate Route Operators.cpp(541): warning C4018: '<': signed/unsigned mismatch
1.1 Generate Route Operators.cpp(551): warning C4018: '<': signed/unsigned mismatch
1.1 Generate Route Operators.cpp(597): warning C4018: '<': signed/unsigned mismatch
1.1 Generate Route Operators.cpp(616): warning C4018: '<': signed/unsigned mismatch
1.1 Generate Route Operators.cpp(621): warning C4018: '<': signed/unsigned mismatch
1.1 Generate Route Operators.cpp(638): warning C4018: '<': signed/unsigned mismatch
1.1 Generate Route Operators.cpp(658): warning C4244: 'initializing': conversion from 'double' to 'int', possible loss of data
1.1 Generate Route Operators.cpp(775): warning C4018: '<': signed/unsigned mismatch
  Generating code
  1 of 881 functions ( 0.1%) were compiled, the rest were copied from previous compilation.
    0 functions were new in current compilation
    1 functions had inline decision re-evaluated but remain unchanged
  Finished generating code
  1.1 Generate Route Operators.vcxproj -> D:\Andrew\Practice\!!!_4 Triplet Square set\1.1 Generate Route Operators\Release\1.1 Generate Route Operators.exe
